<?xml version="1.0" encoding="UTF-8"?>
<!-- Generated by org.testng.reporters.JUnitReportReporter -->
<testsuite hostname="INDIA-Derrick" name="tests.GoogleTest" tests="3" failures="0" timestamp="11 Jun 2018 11:04:33 GMT" time="7.442" errors="0">
  <testcase name="test2" time="1.492" classname="tests.GoogleTest"/>
  <testcase name="test1" time="1.753" classname="tests.GoogleTest"/>
  <testcase name="test" time="4.197" classname="tests.GoogleTest"/>
</testsuite> <!-- tests.GoogleTest -->
